Build started at 2025-08-07 14:27:08
Project name: My Project
Project type: web
Requirements:
- Use tech stack: Next.js, TailwindCSS, React Hook Form, SendGrid
- Include components: Header, LogoCloud, FeatureCard, TestimonialCard, PricingCard, SignupForm, CTAButton, FAQ, FooterSection

Using template: landing_page_template

Applying template landing_page_template...
Template applied successfully.
Generated 17 files from template.

Generating code with AI...
Generated: error.log
Generated: README.ai.md

MMRY Storage completed:
- Files stored: 21
- Original size: 12670 bytes
- Compressed size: 675 bytes
- Compression ratio: 0.05

Build completed at 2025-08-07 14:27:09
Total files generated: 19
