Build started at 2025-08-06 21:24:16
Project name: My Project
Project type: web
Requirements:
- Use tech stack: Next.js, TailwindCSS, Prisma, PostgreSQL, Stripe, NextAuth
- Create page: Home
- Create page: Products
- Create page: Product Detail
- Create page: Cart
- Create page: Checkout
- Create page: User Account
- Create page: Admin
- Include components: Header, Footer, ProductCard, CategoryNav, CartDrawer, SearchBar, ProductGallery, AddToCartButton, ReviewForm, CheckoutForm, OrderSummary

Using template: ecommerce_template

Applying template ecommerce_template...
Template applied successfully.
Generated 5 files from template.

Generating code with AI...
Generated: README.ai.md
Generated: project_manifest.json

Build completed at 2025-08-06 21:24:30
Total files generated: 7
